This is pdfTeX, Version 3.14159265-2.6-1.40.20 (TeX Live 2019) (preloaded format=pdflatex 2020.1.8)  9 FEB 2020 12:26
entering extended mode
 restricted \write18 enabled.
 %&-line parsing enabled.
**A04_DataWrangling.tex
(./A04_DataWrangling.tex
LaTeX2e <2019-10-01>
(/usr/local/texlive/2019basic/texmf-dist/tex/latex/base/article.cls
Document Class: article 2019/08/27 v1.4j Standard LaTeX document class
(/usr/local/texlive/2019basic/texmf-dist/tex/latex/base/size10.clo
File: size10.clo 2019/08/27 v1.4j Standard LaTeX file (size option)
)
\c@part=\count80
\c@section=\count81
\c@subsection=\count82
\c@subsubsection=\count83
\c@paragraph=\count84
\c@subparagraph=\count85
\c@figure=\count86
\c@table=\count87
\abovecaptionskip=\skip41
\belowcaptionskip=\skip42
\bibindent=\dimen102
) (/usr/local/texlive/2019basic/texmf-dist/tex/latex/lm/lmodern.sty
Package: lmodern 2009/10/30 v1.6 Latin Modern Fonts
LaTeX Font Info:    Overwriting symbol font `operators' in version `normal'
(Font)                  OT1/cmr/m/n --> OT1/lmr/m/n on input line 22.
LaTeX Font Info:    Overwriting symbol font `letters' in version `normal'
(Font)                  OML/cmm/m/it --> OML/lmm/m/it on input line 23.
LaTeX Font Info:    Overwriting symbol font `symbols' in version `normal'
(Font)                  OMS/cmsy/m/n --> OMS/lmsy/m/n on input line 24.
LaTeX Font Info:    Overwriting symbol font `largesymbols' in version `normal'
(Font)                  OMX/cmex/m/n --> OMX/lmex/m/n on input line 25.
LaTeX Font Info:    Overwriting symbol font `operators' in version `bold'
(Font)                  OT1/cmr/bx/n --> OT1/lmr/bx/n on input line 26.
LaTeX Font Info:    Overwriting symbol font `letters' in version `bold'
(Font)                  OML/cmm/b/it --> OML/lmm/b/it on input line 27.
LaTeX Font Info:    Overwriting symbol font `symbols' in version `bold'
(Font)                  OMS/cmsy/b/n --> OMS/lmsy/b/n on input line 28.
LaTeX Font Info:    Overwriting symbol font `largesymbols' in version `bold'
(Font)                  OMX/cmex/m/n --> OMX/lmex/m/n on input line 29.
LaTeX Font Info:    Overwriting math alphabet `\mathbf' in version `normal'
(Font)                  OT1/cmr/bx/n --> OT1/lmr/bx/n on input line 31.
LaTeX Font Info:    Overwriting math alphabet `\mathsf' in version `normal'
(Font)                  OT1/cmss/m/n --> OT1/lmss/m/n on input line 32.
LaTeX Font Info:    Overwriting math alphabet `\mathit' in version `normal'
(Font)                  OT1/cmr/m/it --> OT1/lmr/m/it on input line 33.
LaTeX Font Info:    Overwriting math alphabet `\mathtt' in version `normal'
(Font)                  OT1/cmtt/m/n --> OT1/lmtt/m/n on input line 34.
LaTeX Font Info:    Overwriting math alphabet `\mathbf' in version `bold'
(Font)                  OT1/cmr/bx/n --> OT1/lmr/bx/n on input line 35.
LaTeX Font Info:    Overwriting math alphabet `\mathsf' in version `bold'
(Font)                  OT1/cmss/bx/n --> OT1/lmss/bx/n on input line 36.
LaTeX Font Info:    Overwriting math alphabet `\mathit' in version `bold'
(Font)                  OT1/cmr/bx/it --> OT1/lmr/bx/it on input line 37.
LaTeX Font Info:    Overwriting math alphabet `\mathtt' in version `bold'
(Font)                  OT1/cmtt/m/n --> OT1/lmtt/m/n on input line 38.
) (/usr/local/texlive/2019basic/texmf-dist/tex/latex/amsfonts/amssymb.sty
Package: amssymb 2013/01/14 v3.01 AMS font symbols
(/usr/local/texlive/2019basic/texmf-dist/tex/latex/amsfonts/amsfonts.sty
Package: amsfonts 2013/01/14 v3.01 Basic AMSFonts support
\@emptytoks=\toks14
\symAMSa=\mathgroup4
\symAMSb=\mathgroup5
LaTeX Font Info:    Redeclaring math symbol \hbar on input line 98.
LaTeX Font Info:    Overwriting math alphabet `\mathfrak' in version `bold'
(Font)                  U/euf/m/n --> U/euf/b/n on input line 106.
)) (/usr/local/texlive/2019basic/texmf-dist/tex/latex/amsmath/amsmath.sty
Package: amsmath 2019/04/01 v2.17c AMS math features
\@mathmargin=\skip43
For additional information on amsmath, use the `?' option.
(/usr/local/texlive/2019basic/texmf-dist/tex/latex/amsmath/amstext.sty
Package: amstext 2000/06/29 v2.01 AMS text
(/usr/local/texlive/2019basic/texmf-dist/tex/latex/amsmath/amsgen.sty
File: amsgen.sty 1999/11/30 v2.0 generic functions
\@emptytoks=\toks15
\ex@=\dimen103
)) (/usr/local/texlive/2019basic/texmf-dist/tex/latex/amsmath/amsbsy.sty
Package: amsbsy 1999/11/29 v1.2d Bold Symbols
\pmbraise@=\dimen104
) (/usr/local/texlive/2019basic/texmf-dist/tex/latex/amsmath/amsopn.sty
Package: amsopn 2016/03/08 v2.02 operator names
)
\inf@bad=\count88
LaTeX Info: Redefining \frac on input line 227.
\uproot@=\count89
\leftroot@=\count90
LaTeX Info: Redefining \overline on input line 389.
\classnum@=\count91
\DOTSCASE@=\count92
LaTeX Info: Redefining \ldots on input line 486.
LaTeX Info: Redefining \dots on input line 489.
LaTeX Info: Redefining \cdots on input line 610.
\Mathstrutbox@=\box27
\strutbox@=\box28
\big@size=\dimen105
LaTeX Font Info:    Redeclaring font encoding OML on input line 733.
LaTeX Font Info:    Redeclaring font encoding OMS on input line 734.
\macc@depth=\count93
\c@MaxMatrixCols=\count94
\dotsspace@=\muskip10
\c@parentequation=\count95
\dspbrk@lvl=\count96
\tag@help=\toks16
\row@=\count97
\column@=\count98
\maxfields@=\count99
\andhelp@=\toks17
\eqnshift@=\dimen106
\alignsep@=\dimen107
\tagshift@=\dimen108
\tagwidth@=\dimen109
\totwidth@=\dimen110
\lineht@=\dimen111
\@envbody=\toks18
\multlinegap=\skip44
\multlinetaggap=\skip45
\mathdisplay@stack=\toks19
LaTeX Info: Redefining \[ on input line 2855.
LaTeX Info: Redefining \] on input line 2856.
) (/usr/local/texlive/2019basic/texmf-dist/tex/generic/ifxetex/ifxetex.sty
Package: ifxetex 2010/09/12 v0.6 Provides ifxetex conditional
) (/usr/local/texlive/2019basic/texmf-dist/tex/generic/oberdiek/ifluatex.sty
Package: ifluatex 2016/05/16 v1.4 Provides the ifluatex switch (HO)
Package ifluatex Info: LuaTeX not detected.
) (/usr/local/texlive/2019basic/texmf-dist/tex/latex/base/fixltx2e.sty
Package: fixltx2e 2016/12/29 v2.1a fixes to LaTeX (obsolete)
Applying: [2015/01/01] Old fixltx2e package on input line 46.

Package fixltx2e Warning: fixltx2e is not required with releases after 2015
(fixltx2e)                All fixes are now in the LaTeX kernel.
(fixltx2e)                See the latexrelease package for details.

Already applied: [0000/00/00] Old fixltx2e package on input line 53.
) (/usr/local/texlive/2019basic/texmf-dist/tex/latex/base/fontenc.sty
Package: fontenc 2018/08/11 v2.0j Standard LaTeX package
(/usr/local/texlive/2019basic/texmf-dist/tex/latex/base/t1enc.def
File: t1enc.def 2018/08/11 v2.0j Standard LaTeX file
LaTeX Font Info:    Redeclaring font encoding T1 on input line 48.
)) (/usr/local/texlive/2019basic/texmf-dist/tex/latex/base/inputenc.sty
Package: inputenc 2018/08/11 v1.3c Input encoding file
\inpenc@prehook=\toks20
\inpenc@posthook=\toks21
) (/usr/local/texlive/2019basic/texmf-dist/tex/latex/base/textcomp.sty
Package: textcomp 2018/08/11 v2.0j Standard LaTeX package
Package textcomp Info: Sub-encoding information:
(textcomp)               5 = only ISO-Adobe without \textcurrency
(textcomp)               4 = 5 + \texteuro
(textcomp)               3 = 4 + \textohm
(textcomp)               2 = 3 + \textestimated + \textcurrency
(textcomp)               1 = TS1 - \textcircled - \t
(textcomp)               0 = TS1 (full)
(textcomp)             Font families with sub-encoding setting implement
(textcomp)             only a restricted character set as indicated.
(textcomp)             Family '?' is the default used for unknown fonts.
(textcomp)             See the documentation for details.
Package textcomp Info: Setting ? sub-encoding to TS1/1 on input line 79.
(/usr/local/texlive/2019basic/texmf-dist/tex/latex/base/ts1enc.def
File: ts1enc.def 2001/06/05 v3.0e (jk/car/fm) Standard LaTeX file
Now handling font encoding TS1 ...
... processing UTF-8 mapping file for font encoding TS1
(/usr/local/texlive/2019basic/texmf-dist/tex/latex/base/ts1enc.dfu
File: ts1enc.dfu 2019/07/11 v1.2j UTF-8 support for inputenc
   defining Unicode char U+00A2 (decimal 162)
   defining Unicode char U+00A3 (decimal 163)
   defining Unicode char U+00A4 (decimal 164)
   defining Unicode char U+00A5 (decimal 165)
   defining Unicode char U+00A6 (decimal 166)
   defining Unicode char U+00A7 (decimal 167)
   defining Unicode char U+00A8 (decimal 168)
   defining Unicode char U+00A9 (decimal 169)
   defining Unicode char U+00AA (decimal 170)
   defining Unicode char U+00AC (decimal 172)
   defining Unicode char U+00AE (decimal 174)
   defining Unicode char U+00AF (decimal 175)
   defining Unicode char U+00B0 (decimal 176)
   defining Unicode char U+00B1 (decimal 177)
   defining Unicode char U+00B2 (decimal 178)
   defining Unicode char U+00B3 (decimal 179)
   defining Unicode char U+00B4 (decimal 180)
   defining Unicode char U+00B5 (decimal 181)
   defining Unicode char U+00B6 (decimal 182)
   defining Unicode char U+00B7 (decimal 183)
   defining Unicode char U+00B9 (decimal 185)
   defining Unicode char U+00BA (decimal 186)
   defining Unicode char U+00BC (decimal 188)
   defining Unicode char U+00BD (decimal 189)
   defining Unicode char U+00BE (decimal 190)
   defining Unicode char U+00D7 (decimal 215)
   defining Unicode char U+00F7 (decimal 247)
   defining Unicode char U+0192 (decimal 402)
   defining Unicode char U+02C7 (decimal 711)
   defining Unicode char U+02D8 (decimal 728)
   defining Unicode char U+02DD (decimal 733)
   defining Unicode char U+0E3F (decimal 3647)
   defining Unicode char U+2016 (decimal 8214)
   defining Unicode char U+2020 (decimal 8224)
   defining Unicode char U+2021 (decimal 8225)
   defining Unicode char U+2022 (decimal 8226)
   defining Unicode char U+2030 (decimal 8240)
   defining Unicode char U+2031 (decimal 8241)
   defining Unicode char U+203B (decimal 8251)
   defining Unicode char U+203D (decimal 8253)
   defining Unicode char U+2044 (decimal 8260)
   defining Unicode char U+204E (decimal 8270)
   defining Unicode char U+2052 (decimal 8274)
   defining Unicode char U+20A1 (decimal 8353)
   defining Unicode char U+20A4 (decimal 8356)
   defining Unicode char U+20A6 (decimal 8358)
   defining Unicode char U+20A9 (decimal 8361)
   defining Unicode char U+20AB (decimal 8363)
   defining Unicode char U+20AC (decimal 8364)
   defining Unicode char U+20B1 (decimal 8369)
   defining Unicode char U+2103 (decimal 8451)
   defining Unicode char U+2116 (decimal 8470)
   defining Unicode char U+2117 (decimal 8471)
   defining Unicode char U+211E (decimal 8478)
   defining Unicode char U+2120 (decimal 8480)
   defining Unicode char U+2122 (decimal 8482)
   defining Unicode char U+2126 (decimal 8486)
   defining Unicode char U+2127 (decimal 8487)
   defining Unicode char U+212E (decimal 8494)
   defining Unicode char U+2190 (decimal 8592)
   defining Unicode char U+2191 (decimal 8593)
   defining Unicode char U+2192 (decimal 8594)
   defining Unicode char U+2193 (decimal 8595)
   defining Unicode char U+2329 (decimal 9001)
   defining Unicode char U+232A (decimal 9002)
   defining Unicode char U+2422 (decimal 9250)
   defining Unicode char U+25E6 (decimal 9702)
   defining Unicode char U+25EF (decimal 9711)
   defining Unicode char U+266A (decimal 9834)
   defining Unicode char U+27E8 (decimal 10216)
   defining Unicode char U+27E9 (decimal 10217)
   defining Unicode char U+FEFF (decimal 65279)
))
LaTeX Info: Redefining \oldstylenums on input line 334.
Package textcomp Info: Setting cmr sub-encoding to TS1/0 on input line 349.
Package textcomp Info: Setting cmss sub-encoding to TS1/0 on input line 350.
Package textcomp Info: Setting cmtt sub-encoding to TS1/0 on input line 351.
Package textcomp Info: Setting cmvtt sub-encoding to TS1/0 on input line 352.
Package textcomp Info: Setting cmbr sub-encoding to TS1/0 on input line 353.
Package textcomp Info: Setting cmtl sub-encoding to TS1/0 on input line 354.
Package textcomp Info: Setting ccr sub-encoding to TS1/0 on input line 355.
Package textcomp Info: Setting ptm sub-encoding to TS1/4 on input line 356.
Package textcomp Info: Setting pcr sub-encoding to TS1/4 on input line 357.
Package textcomp Info: Setting phv sub-encoding to TS1/4 on input line 358.
Package textcomp Info: Setting ppl sub-encoding to TS1/3 on input line 359.
Package textcomp Info: Setting pag sub-encoding to TS1/4 on input line 360.
Package textcomp Info: Setting pbk sub-encoding to TS1/4 on input line 361.
Package textcomp Info: Setting pnc sub-encoding to TS1/4 on input line 362.
Package textcomp Info: Setting pzc sub-encoding to TS1/4 on input line 363.
Package textcomp Info: Setting bch sub-encoding to TS1/4 on input line 364.
Package textcomp Info: Setting put sub-encoding to TS1/5 on input line 365.
Package textcomp Info: Setting uag sub-encoding to TS1/5 on input line 366.
Package textcomp Info: Setting ugq sub-encoding to TS1/5 on input line 367.
Package textcomp Info: Setting ul8 sub-encoding to TS1/4 on input line 368.
Package textcomp Info: Setting ul9 sub-encoding to TS1/4 on input line 369.
Package textcomp Info: Setting augie sub-encoding to TS1/5 on input line 370.
Package textcomp Info: Setting dayrom sub-encoding to TS1/3 on input line 371.
Package textcomp Info: Setting dayroms sub-encoding to TS1/3 on input line 372.

Package textcomp Info: Setting pxr sub-encoding to TS1/0 on input line 373.
Package textcomp Info: Setting pxss sub-encoding to TS1/0 on input line 374.
Package textcomp Info: Setting pxtt sub-encoding to TS1/0 on input line 375.
Package textcomp Info: Setting txr sub-encoding to TS1/0 on input line 376.
Package textcomp Info: Setting txss sub-encoding to TS1/0 on input line 377.
Package textcomp Info: Setting txtt sub-encoding to TS1/0 on input line 378.
Package textcomp Info: Setting lmr sub-encoding to TS1/0 on input line 379.
Package textcomp Info: Setting lmdh sub-encoding to TS1/0 on input line 380.
Package textcomp Info: Setting lmss sub-encoding to TS1/0 on input line 381.
Package textcomp Info: Setting lmssq sub-encoding to TS1/0 on input line 382.
Package textcomp Info: Setting lmvtt sub-encoding to TS1/0 on input line 383.
Package textcomp Info: Setting lmtt sub-encoding to TS1/0 on input line 384.
Package textcomp Info: Setting qhv sub-encoding to TS1/0 on input line 385.
Package textcomp Info: Setting qag sub-encoding to TS1/0 on input line 386.
Package textcomp Info: Setting qbk sub-encoding to TS1/0 on input line 387.
Package textcomp Info: Setting qcr sub-encoding to TS1/0 on input line 388.
Package textcomp Info: Setting qcs sub-encoding to TS1/0 on input line 389.
Package textcomp Info: Setting qpl sub-encoding to TS1/0 on input line 390.
Package textcomp Info: Setting qtm sub-encoding to TS1/0 on input line 391.
Package textcomp Info: Setting qzc sub-encoding to TS1/0 on input line 392.
Package textcomp Info: Setting qhvc sub-encoding to TS1/0 on input line 393.
Package textcomp Info: Setting futs sub-encoding to TS1/4 on input line 394.
Package textcomp Info: Setting futx sub-encoding to TS1/4 on input line 395.
Package textcomp Info: Setting futj sub-encoding to TS1/4 on input line 396.
Package textcomp Info: Setting hlh sub-encoding to TS1/3 on input line 397.
Package textcomp Info: Setting hls sub-encoding to TS1/3 on input line 398.
Package textcomp Info: Setting hlst sub-encoding to TS1/3 on input line 399.
Package textcomp Info: Setting hlct sub-encoding to TS1/5 on input line 400.
Package textcomp Info: Setting hlx sub-encoding to TS1/5 on input line 401.
Package textcomp Info: Setting hlce sub-encoding to TS1/5 on input line 402.
Package textcomp Info: Setting hlcn sub-encoding to TS1/5 on input line 403.
Package textcomp Info: Setting hlcw sub-encoding to TS1/5 on input line 404.
Package textcomp Info: Setting hlcf sub-encoding to TS1/5 on input line 405.
Package textcomp Info: Setting pplx sub-encoding to TS1/3 on input line 406.
Package textcomp Info: Setting pplj sub-encoding to TS1/3 on input line 407.
Package textcomp Info: Setting ptmx sub-encoding to TS1/4 on input line 408.
Package textcomp Info: Setting ptmj sub-encoding to TS1/4 on input line 409.
) (/usr/local/texlive/2019basic/texmf-dist/tex/latex/upquote/upquote.sty
Package: upquote 2012/04/19 v1.3 upright-quote and grave-accent glyphs in verba
tim
) (/usr/local/texlive/2019basic/texmf-dist/tex/latex/microtype/microtype.sty
Package: microtype 2019/02/28 v2.7b Micro-typographical refinements (RS)
(/usr/local/texlive/2019basic/texmf-dist/tex/latex/graphics/keyval.sty
Package: keyval 2014/10/28 v1.15 key=value parser (DPC)
\KV@toks@=\toks22
)
\MT@toks=\toks23
\MT@count=\count100
LaTeX Info: Redefining \textls on input line 790.
\MT@outer@kern=\dimen112
LaTeX Info: Redefining \textmicrotypecontext on input line 1336.
\MT@listname@count=\count101

(/usr/local/texlive/2019basic/texmf-dist/tex/latex/microtype/microtype-pdftex.d
ef
File: microtype-pdftex.def 2019/02/28 v2.7b Definitions specific to pdftex (RS)

LaTeX Info: Redefining \lsstyle on input line 914.
LaTeX Info: Redefining \lslig on input line 914.
\MT@outer@space=\skip46
)
Package microtype Info: Loading configuration file microtype.cfg.
(/usr/local/texlive/2019basic/texmf-dist/tex/latex/microtype/microtype.cfg
File: microtype.cfg 2019/02/28 v2.7b microtype main configuration file (RS)
)) (/usr/local/texlive/2019basic/texmf-dist/tex/latex/parskip/parskip.sty
Package: parskip 2019-01-16 v2.0c non-zero parskip adjustments
(/usr/local/texlive/2019basic/texmf-dist/tex/latex/oberdiek/kvoptions.sty
Package: kvoptions 2016/05/16 v3.12 Key value format for package options (HO)
(/usr/local/texlive/2019basic/texmf-dist/tex/generic/oberdiek/ltxcmds.sty
Package: ltxcmds 2016/05/16 v1.23 LaTeX kernel commands for general use (HO)
) (/usr/local/texlive/2019basic/texmf-dist/tex/generic/oberdiek/kvsetkeys.sty
Package: kvsetkeys 2016/05/16 v1.17 Key value parser (HO)
(/usr/local/texlive/2019basic/texmf-dist/tex/generic/oberdiek/infwarerr.sty
Package: infwarerr 2016/05/16 v1.4 Providing info/warning/error messages (HO)
) (/usr/local/texlive/2019basic/texmf-dist/tex/generic/oberdiek/etexcmds.sty
Package: etexcmds 2016/05/16 v1.6 Avoid name clashes with e-TeX commands (HO)
))) (/usr/local/texlive/2019basic/texmf-dist/tex/latex/etoolbox/etoolbox.sty
Package: etoolbox 2019/09/21 v2.5h e-TeX tools for LaTeX (JAW)
\etb@tempcnta=\count102
)) (/usr/local/texlive/2019basic/texmf-dist/tex/latex/hyperref/hyperref.sty
Package: hyperref 2019/09/28 v7.00a Hypertext links for LaTeX

(/usr/local/texlive/2019basic/texmf-dist/tex/generic/oberdiek/hobsub-hyperref.s
ty
Package: hobsub-hyperref 2016/05/16 v1.14 Bundle oberdiek, subset hyperref (HO)


(/usr/local/texlive/2019basic/texmf-dist/tex/generic/oberdiek/hobsub-generic.st
y
Package: hobsub-generic 2016/05/16 v1.14 Bundle oberdiek, subset generic (HO)
Package: hobsub 2016/05/16 v1.14 Construct package bundles (HO)
Package hobsub Info: Skipping package `infwarerr' (already loaded).
Package hobsub Info: Skipping package `ltxcmds' (already loaded).
Package hobsub Info: Skipping package `ifluatex' (already loaded).
Package: ifvtex 2016/05/16 v1.6 Detect VTeX and its facilities (HO)
Package ifvtex Info: VTeX not detected.
Package: intcalc 2016/05/16 v1.2 Expandable calculations with integers (HO)
Package: ifpdf 2018/09/07 v3.3 Provides the ifpdf switch
Package hobsub Info: Skipping package `etexcmds' (already loaded).
Package hobsub Info: Skipping package `kvsetkeys' (already loaded).
Package: kvdefinekeys 2016/05/16 v1.4 Define keys (HO)
Package: pdftexcmds 2019/07/25 v0.30 Utility functions of pdfTeX for LuaTeX (HO
)
Package pdftexcmds Info: LuaTeX not detected.
Package pdftexcmds Info: \pdf@primitive is available.
Package pdftexcmds Info: \pdf@ifprimitive is available.
Package pdftexcmds Info: \pdfdraftmode found.
Package: pdfescape 2016/05/16 v1.14 Implements pdfTeX's escape features (HO)
Package: bigintcalc 2016/05/16 v1.4 Expandable calculations on big integers (HO
)
Package: bitset 2016/05/16 v1.2 Handle bit-vector datatype (HO)
Package: uniquecounter 2016/05/16 v1.3 Provide unlimited unique counter (HO)
)
Package hobsub Info: Skipping package `hobsub' (already loaded).
Package: letltxmacro 2016/05/16 v1.5 Let assignment for LaTeX macros (HO)
Package: hopatch 2016/05/16 v1.3 Wrapper for package hooks (HO)
Package: xcolor-patch 2016/05/16 xcolor patch
Package: atveryend 2016/05/16 v1.9 Hooks at the very end of document (HO)
Package: atbegshi 2016/06/09 v1.18 At begin shipout hook (HO)
Package: refcount 2016/05/16 v3.5 Data extraction from label references (HO)
Package: hycolor 2016/05/16 v1.8 Color options for hyperref/bookmark (HO)
) (/usr/local/texlive/2019basic/texmf-dist/tex/latex/oberdiek/auxhook.sty
Package: auxhook 2016/05/16 v1.4 Hooks for auxiliary files (HO)
)
\@linkdim=\dimen113
\Hy@linkcounter=\count103
\Hy@pagecounter=\count104
(/usr/local/texlive/2019basic/texmf-dist/tex/latex/hyperref/pd1enc.def
File: pd1enc.def 2019/09/28 v7.00a Hyperref: PDFDocEncoding definition (HO)
Now handling font encoding PD1 ...
... no UTF-8 mapping file for font encoding PD1
)
\Hy@SavedSpaceFactor=\count105
(/usr/local/texlive/2019basic/texmf-dist/tex/latex/latexconfig/hyperref.cfg
File: hyperref.cfg 2002/06/06 v1.2 hyperref configuration of TeXLive
)
Package hyperref Info: Option `unicode' set `true' on input line 4414.
(/usr/local/texlive/2019basic/texmf-dist/tex/latex/hyperref/puenc.def
File: puenc.def 2019/09/28 v7.00a Hyperref: PDF Unicode definition (HO)
Now handling font encoding PU ...
... no UTF-8 mapping file for font encoding PU
)
Package hyperref Info: Hyper figures OFF on input line 4540.
Package hyperref Info: Link nesting OFF on input line 4545.
Package hyperref Info: Hyper index ON on input line 4548.
Package hyperref Info: Plain pages OFF on input line 4555.
Package hyperref Info: Backreferencing OFF on input line 4560.
Package hyperref Info: Implicit mode ON; LaTeX internals redefined.
Package hyperref Info: Bookmarks ON on input line 4793.
\c@Hy@tempcnt=\count106
(/usr/local/texlive/2019basic/texmf-dist/tex/latex/url/url.sty
\Urlmuskip=\muskip11
Package: url 2013/09/16  ver 3.4  Verb mode for urls, etc.
)
LaTeX Info: Redefining \url on input line 5152.
\XeTeXLinkMargin=\dimen114
\Fld@menulength=\count107
\Field@Width=\dimen115
\Fld@charsize=\dimen116
Package hyperref Info: Hyper figures OFF on input line 6423.
Package hyperref Info: Link nesting OFF on input line 6428.
Package hyperref Info: Hyper index ON on input line 6431.
Package hyperref Info: backreferencing OFF on input line 6438.
Package hyperref Info: Link coloring OFF on input line 6443.
Package hyperref Info: Link coloring with OCG OFF on input line 6448.
Package hyperref Info: PDF/A mode OFF on input line 6453.
LaTeX Info: Redefining \ref on input line 6493.
LaTeX Info: Redefining \pageref on input line 6497.
\Hy@abspage=\count108
\c@Item=\count109
\c@Hfootnote=\count110
)
Package hyperref Info: Driver (autodetected): hpdftex.
(/usr/local/texlive/2019basic/texmf-dist/tex/latex/hyperref/hpdftex.def
File: hpdftex.def 2019/09/28 v7.00a Hyperref driver for pdfTeX
\Fld@listcount=\count111
\c@bookmark@seq@number=\count112
(/usr/local/texlive/2019basic/texmf-dist/tex/latex/oberdiek/rerunfilecheck.sty
Package: rerunfilecheck 2016/05/16 v1.8 Rerun checks for auxiliary files (HO)
Package uniquecounter Info: New unique counter `rerunfilecheck' on input line 2
82.
)
\Hy@SectionHShift=\skip47
)
Package hyperref Info: Option `breaklinks' set `true' on input line 35.
(/usr/local/texlive/2019basic/texmf-dist/tex/latex/geometry/geometry.sty
Package: geometry 2018/04/16 v5.8 Page Geometry
\Gm@cnth=\count113
\Gm@cntv=\count114
\c@Gm@tempcnt=\count115
\Gm@bindingoffset=\dimen117
\Gm@wd@mp=\dimen118
\Gm@odd@mp=\dimen119
\Gm@even@mp=\dimen120
\Gm@layoutwidth=\dimen121
\Gm@layoutheight=\dimen122
\Gm@layouthoffset=\dimen123
\Gm@layoutvoffset=\dimen124
\Gm@dimlist=\toks24
) (/usr/local/texlive/2019basic/texmf-dist/tex/latex/graphics/color.sty
Package: color 2016/07/10 v1.1e Standard LaTeX Color (DPC)
(/usr/local/texlive/2019basic/texmf-dist/tex/latex/graphics-cfg/color.cfg
File: color.cfg 2016/01/02 v1.6 sample color configuration
)
Package color Info: Driver file: pdftex.def on input line 147.
(/usr/local/texlive/2019basic/texmf-dist/tex/latex/graphics-def/pdftex.def
File: pdftex.def 2018/01/08 v1.0l Graphics/color driver for pdftex
)) (/usr/local/texlive/2019basic/texmf-dist/tex/latex/fancyvrb/fancyvrb.sty
Package: fancyvrb 2019/01/15
Style option: `fancyvrb' v3.2a <2019/01/15> (tvz)
\FV@CodeLineNo=\count116
\FV@InFile=\read1
\FV@TabBox=\box29
\c@FancyVerbLine=\count117
\FV@StepNumber=\count118
\FV@OutFile=\write3
) (/Users/samanthaburch/Library/texmf/tex/latex/framed/framed.sty
Package: framed 2011/10/22 v 0.96: framed or shaded text with page breaks
\OuterFrameSep=\skip48
\fb@frw=\dimen125
\fb@frh=\dimen126
\FrameRule=\dimen127
\FrameSep=\dimen128
) (/usr/local/texlive/2019basic/texmf-dist/tex/latex/graphics/graphicx.sty
Package: graphicx 2017/06/01 v1.1a Enhanced LaTeX Graphics (DPC,SPQR)
(/usr/local/texlive/2019basic/texmf-dist/tex/latex/graphics/graphics.sty
Package: graphics 2019/07/20 v1.3b Standard LaTeX Graphics (DPC,SPQR)
(/usr/local/texlive/2019basic/texmf-dist/tex/latex/graphics/trig.sty
Package: trig 2016/01/03 v1.10 sin cos tan (DPC)
) (/usr/local/texlive/2019basic/texmf-dist/tex/latex/graphics-cfg/graphics.cfg
File: graphics.cfg 2016/06/04 v1.11 sample graphics configuration
)
Package graphics Info: Driver file: pdftex.def on input line 105.
)
\Gin@req@height=\dimen129
\Gin@req@width=\dimen130
) (/usr/local/texlive/2019basic/texmf-dist/tex/latex/oberdiek/grffile.sty
Package: grffile 2017/06/30 v1.18 Extended file name support for graphics (HO)
Package grffile Info: Option `multidot' is set to `true'.
Package grffile Info: Option `extendedchars' is set to `false'.
Package grffile Info: Option `space' is set to `true'.
Package grffile Info: \Gin@ii of package `graphicx' fixed on input line 494.
) (./A04_DataWrangling.aux)
\openout1 = `A04_DataWrangling.aux'.

LaTeX Font Info:    Checking defaults for OML/cmm/m/it on input line 111.
LaTeX Font Info:    ... okay on input line 111.
LaTeX Font Info:    Checking defaults for T1/cmr/m/n on input line 111.
LaTeX Font Info:    ... okay on input line 111.
LaTeX Font Info:    Checking defaults for OT1/cmr/m/n on input line 111.
LaTeX Font Info:    ... okay on input line 111.
LaTeX Font Info:    Checking defaults for OMS/cmsy/m/n on input line 111.
LaTeX Font Info:    ... okay on input line 111.
LaTeX Font Info:    Checking defaults for OMX/cmex/m/n on input line 111.
LaTeX Font Info:    ... okay on input line 111.
LaTeX Font Info:    Checking defaults for U/cmr/m/n on input line 111.
LaTeX Font Info:    ... okay on input line 111.
LaTeX Font Info:    Checking defaults for TS1/cmr/m/n on input line 111.
LaTeX Font Info:    Trying to load font information for TS1+cmr on input line 1
11.
(/usr/local/texlive/2019basic/texmf-dist/tex/latex/base/ts1cmr.fd
File: ts1cmr.fd 2014/09/29 v2.5h Standard LaTeX font definitions
)
LaTeX Font Info:    ... okay on input line 111.
LaTeX Font Info:    Checking defaults for PD1/pdf/m/n on input line 111.
LaTeX Font Info:    ... okay on input line 111.
LaTeX Font Info:    Checking defaults for PU/pdf/m/n on input line 111.
LaTeX Font Info:    ... okay on input line 111.
LaTeX Font Info:    Trying to load font information for T1+lmr on input line 11
1.
(/usr/local/texlive/2019basic/texmf-dist/tex/latex/lm/t1lmr.fd
File: t1lmr.fd 2009/10/30 v1.6 Font defs for Latin Modern
)
LaTeX Info: Redefining \microtypecontext on input line 111.
Package microtype Info: Generating PDF output.
Package microtype Info: Character protrusion enabled (level 2).
Package microtype Info: Using protrusion set `basicmath'.
Package microtype Info: Automatic font expansion enabled (level 2),
(microtype)             stretch: 20, shrink: 20, step: 1, non-selected.
Package microtype Info: Using default expansion set `basictext'.

LaTeX Warning: Command \showhyphens  has changed.
               Check if current package is valid.

Package microtype Info: No adjustment of tracking.
Package microtype Info: No adjustment of interword spacing.
Package microtype Info: No adjustment of character kerning.
(/usr/local/texlive/2019basic/texmf-dist/tex/latex/microtype/mt-cmr.cfg
File: mt-cmr.cfg 2013/05/19 v2.2 microtype config. file: Computer Modern Roman 
(RS)
)
\AtBeginShipoutBox=\box30
Package hyperref Info: Link coloring OFF on input line 111.
(/usr/local/texlive/2019basic/texmf-dist/tex/latex/hyperref/nameref.sty
Package: nameref 2019/09/16 v2.46 Cross-referencing by name of section

(/usr/local/texlive/2019basic/texmf-dist/tex/generic/oberdiek/gettitlestring.st
y
Package: gettitlestring 2016/05/16 v1.5 Cleanup title references (HO)
)
\c@section@level=\count119
)
LaTeX Info: Redefining \ref on input line 111.
LaTeX Info: Redefining \pageref on input line 111.
LaTeX Info: Redefining \nameref on input line 111.
(./A04_DataWrangling.out) (./A04_DataWrangling.out)
\@outlinefile=\write4
\openout4 = `A04_DataWrangling.out'.

*geometry* driver: auto-detecting
*geometry* detected driver: pdftex
*geometry* verbose mode - [ preamble ] result:
* driver: pdftex
* paper: <default>
* layout: <same size as paper>
* layoutoffset:(h,v)=(0.0pt,0.0pt)
* modes: 
* h-part:(L,W,R)=(72.2698pt, 469.75539pt, 72.2698pt)
* v-part:(T,H,B)=(72.2698pt, 650.43037pt, 72.2698pt)
* \paperwidth=614.295pt
* \paperheight=794.96999pt
* \textwidth=469.75539pt
* \textheight=650.43037pt
* \oddsidemargin=-0.00018pt
* \evensidemargin=-0.00018pt
* \topmargin=-37.00018pt
* \headheight=12.0pt
* \headsep=25.0pt
* \topskip=10.0pt
* \footskip=30.0pt
* \marginparwidth=65.0pt
* \marginparsep=11.0pt
* \columnsep=10.0pt
* \skip\footins=9.0pt plus 4.0pt minus 2.0pt
* \hoffset=0.0pt
* \voffset=0.0pt
* \mag=1000
* \@twocolumnfalse
* \@twosidefalse
* \@mparswitchfalse
* \@reversemarginfalse
* (1in=72.27pt=25.4mm, 1cm=28.453pt)

(/usr/local/texlive/2019basic/texmf-dist/tex/context/base/mkii/supp-pdf.mkii
[Loading MPS to PDF converter (version 2006.09.02).]
\scratchcounter=\count120
\scratchdimen=\dimen131
\scratchbox=\box31
\nofMPsegments=\count121
\nofMParguments=\count122
\everyMPshowfont=\toks25
\MPscratchCnt=\count123
\MPscratchDim=\dimen132
\MPnumerator=\count124
\makeMPintoPDFobject=\count125
\everyMPtoPDFconversion=\toks26
) (/usr/local/texlive/2019basic/texmf-dist/tex/latex/oberdiek/epstopdf-base.sty
Package: epstopdf-base 2016/05/15 v2.6 Base part for package epstopdf
(/usr/local/texlive/2019basic/texmf-dist/tex/latex/oberdiek/grfext.sty
Package: grfext 2016/05/16 v1.2 Manage graphics extensions (HO)
)
Package epstopdf-base Info: Redefining graphics rule for `.eps' on input line 4
38.
Package grfext Info: Graphics extension search list:
(grfext)             [.pdf,.png,.jpg,.mps,.jpeg,.jbig2,.jb2,.PDF,.PNG,.JPG,.JPE
G,.JBIG2,.JB2,.eps]
(grfext)             \AppendGraphicsExtensions on input line 456.

(/usr/local/texlive/2019basic/texmf-dist/tex/latex/latexconfig/epstopdf-sys.cfg
File: epstopdf-sys.cfg 2010/07/13 v1.3 Configuration of (r)epstopdf for TeX Liv
e
))
LaTeX Font Info:    Trying to load font information for OT1+lmr on input line 1
13.
(/usr/local/texlive/2019basic/texmf-dist/tex/latex/lm/ot1lmr.fd
File: ot1lmr.fd 2009/10/30 v1.6 Font defs for Latin Modern
)
LaTeX Font Info:    Trying to load font information for OML+lmm on input line 1
13.
(/usr/local/texlive/2019basic/texmf-dist/tex/latex/lm/omllmm.fd
File: omllmm.fd 2009/10/30 v1.6 Font defs for Latin Modern
)
LaTeX Font Info:    Trying to load font information for OMS+lmsy on input line 
113.
(/usr/local/texlive/2019basic/texmf-dist/tex/latex/lm/omslmsy.fd
File: omslmsy.fd 2009/10/30 v1.6 Font defs for Latin Modern
)
LaTeX Font Info:    Trying to load font information for OMX+lmex on input line 
113.
(/usr/local/texlive/2019basic/texmf-dist/tex/latex/lm/omxlmex.fd
File: omxlmex.fd 2009/10/30 v1.6 Font defs for Latin Modern
)
LaTeX Font Info:    External font `lmex10' loaded for size
(Font)              <12> on input line 113.
LaTeX Font Info:    External font `lmex10' loaded for size
(Font)              <8> on input line 113.
LaTeX Font Info:    External font `lmex10' loaded for size
(Font)              <6> on input line 113.
LaTeX Font Info:    Trying to load font information for U+msa on input line 113
.
(/usr/local/texlive/2019basic/texmf-dist/tex/latex/amsfonts/umsa.fd
File: umsa.fd 2013/01/14 v3.01 AMS symbols A
) (/usr/local/texlive/2019basic/texmf-dist/tex/latex/microtype/mt-msa.cfg
File: mt-msa.cfg 2006/02/04 v1.1 microtype config. file: AMS symbols (a) (RS)
)
LaTeX Font Info:    Trying to load font information for U+msb on input line 113
.
(/usr/local/texlive/2019basic/texmf-dist/tex/latex/amsfonts/umsb.fd
File: umsb.fd 2013/01/14 v3.01 AMS symbols B
) (/usr/local/texlive/2019basic/texmf-dist/tex/latex/microtype/mt-msb.cfg
File: mt-msb.cfg 2005/06/01 v1.0 microtype config. file: AMS symbols (b) (RS)
)
LaTeX Font Info:    Trying to load font information for T1+lmtt on input line 1
50.
(/usr/local/texlive/2019basic/texmf-dist/tex/latex/lm/t1lmtt.fd
File: t1lmtt.fd 2009/10/30 v1.6 Font defs for Latin Modern
)
LaTeX Font Info:    Font shape `T1/lmtt/bx/n' in size <10> not available
(Font)              Font shape `T1/lmtt/b/n' tried instead on input line 163.
[1

{/usr/local/texlive/2019basic/texmf-var/fonts/map/pdftex/updmap/pdftex.map}] [2
]
LaTeX Font Info:    Trying to load font information for TS1+lmtt on input line 
339.
(/usr/local/texlive/2019basic/texmf-dist/tex/latex/lm/ts1lmtt.fd
File: ts1lmtt.fd 2009/10/30 v1.6 Font defs for Latin Modern
)
Overfull \hbox (202.24266pt too wide) in paragraph at lines 339--339
[]\T1/lmtt/m/n/10 ##  $ Date                                : Factor w/ 364 lev
els "01/01/2018","01/02/2018",..: 60 61 62 63 64 65 66 67 68 69 ...[] 
 []


Overfull \hbox (13.24321pt too wide) in paragraph at lines 339--339
[]\T1/lmtt/m/n/10 ##  $ Source                              : Factor w/ 1 level
 "AQS": 1 1 1 1 1 1 1 1 1 1 ...[] 
 []


Overfull \hbox (328.2423pt too wide) in paragraph at lines 339--339
[]\T1/lmtt/m/n/10 ##  $ Site.ID                             : int  370030005 37
0030005 370030005 370030005 370030005 370030005 370030005 370030005 370030005 3
70030005 ...[] 
 []


Overfull \hbox (112.99292pt too wide) in paragraph at lines 339--339
[]\T1/lmtt/m/n/10 ##  $ Daily.Max.8.hour.Ozone.Concentration: num  0.043 0.046 
0.047 0.049 0.047 0.03 0.036 0.044 0.049 0.043 ...[] 
 []


Overfull \hbox (13.24321pt too wide) in paragraph at lines 339--339
[]\T1/lmtt/m/n/10 ##  $ UNITS                               : Factor w/ 1 level
 "ppm": 1 1 1 1 1 1 1 1 1 1 ...[] 
 []


Overfull \hbox (133.99286pt too wide) in paragraph at lines 339--339
[]\T1/lmtt/m/n/10 ##  $ Site.Name                           : Factor w/ 40 leve
ls "","Beaufort",..: 35 35 35 35 35 35 35 35 35 35 ...[] 
 []


Overfull \hbox (13.24321pt too wide) in paragraph at lines 339--339
[]\T1/lmtt/m/n/10 ##  $ PERCENT_COMPLETE                    : num  100 100 100 
100 100 100 100 100 100 100 ...[] 
 []


Overfull \hbox (118.2429pt too wide) in paragraph at lines 339--339
[]\T1/lmtt/m/n/10 ##  $ AQS_PARAMETER_CODE                  : int  44201 44201 
44201 44201 44201 44201 44201 44201 44201 44201 ...[] 
 []


Overfull \hbox (23.74318pt too wide) in paragraph at lines 339--339
[]\T1/lmtt/m/n/10 ##  $ AQS_PARAMETER_DESC                  : Factor w/ 1 level
 "Ozone": 1 1 1 1 1 1 1 1 1 1 ...[] 
 []


Overfull \hbox (118.2429pt too wide) in paragraph at lines 339--339
[]\T1/lmtt/m/n/10 ##  $ CBSA_CODE                           : int  25860 25860 
25860 25860 25860 25860 25860 25860 25860 25860 ...[] 
 []


Overfull \hbox (107.74294pt too wide) in paragraph at lines 339--339
[]\T1/lmtt/m/n/10 ##  $ CBSA_NAME                           : Factor w/ 17 leve
ls "","Asheville, NC",..: 9 9 9 9 9 9 9 9 9 9 ...[] 
 []


Overfull \hbox (70.99304pt too wide) in paragraph at lines 339--339
[]\T1/lmtt/m/n/10 ##  $ STATE                               : Factor w/ 1 level
 "North Carolina": 1 1 1 1 1 1 1 1 1 1 ...[] 
 []


Overfull \hbox (112.99292pt too wide) in paragraph at lines 339--339
[]\T1/lmtt/m/n/10 ##  $ COUNTY                              : Factor w/ 32 leve
ls "Alexander","Avery",..: 1 1 1 1 1 1 1 1 1 1 ...[] 
 []


Overfull \hbox (154.9928pt too wide) in paragraph at lines 369--369
[]\T1/lmtt/m/n/10 ##  $ Date                                : Factor w/ 365 lev
els "01/01/2019","01/02/2019",..: 1 2 3 4 5 6 7 8 9 10 ...[] 
 []


Overfull \hbox (65.74306pt too wide) in paragraph at lines 369--369
[]\T1/lmtt/m/n/10 ##  $ Source                              : Factor w/ 2 level
s "AirNow","AQS": 1 1 1 1 1 1 1 1 1 1 ...[] 
 []


Overfull \hbox (328.2423pt too wide) in paragraph at lines 369--369
[]\T1/lmtt/m/n/10 ##  $ Site.ID                             : int  370030005 37
0030005 370030005 370030005 370030005 370030005 370030005 370030005 370030005 3
70030005 ...[] 
 []


Overfull \hbox (112.99292pt too wide) in paragraph at lines 369--369
[]\T1/lmtt/m/n/10 ##  $ Daily.Max.8.hour.Ozone.Concentration: num  0.029 0.018 
0.016 0.022 0.037 0.037 0.029 0.038 0.038 0.03 ...[] 
 []


Overfull \hbox (13.24321pt too wide) in paragraph at lines 369--369
[]\T1/lmtt/m/n/10 ##  $ UNITS                               : Factor w/ 1 level
 "ppm": 1 1 1 1 1 1 1 1 1 1 ...[] 
 []


Overfull \hbox (133.99286pt too wide) in paragraph at lines 369--369
[]\T1/lmtt/m/n/10 ##  $ Site.Name                           : Factor w/ 38 leve
ls "","Beaufort",..: 33 33 33 33 33 33 33 33 33 33 ...[] 
 []

[3]
Overfull \hbox (13.24321pt too wide) in paragraph at lines 369--369
[]\T1/lmtt/m/n/10 ##  $ PERCENT_COMPLETE                    : num  100 100 100 
100 100 100 100 100 100 100 ...[] 
 []


Overfull \hbox (118.2429pt too wide) in paragraph at lines 369--369
[]\T1/lmtt/m/n/10 ##  $ AQS_PARAMETER_CODE                  : int  44201 44201 
44201 44201 44201 44201 44201 44201 44201 44201 ...[] 
 []


Overfull \hbox (23.74318pt too wide) in paragraph at lines 369--369
[]\T1/lmtt/m/n/10 ##  $ AQS_PARAMETER_DESC                  : Factor w/ 1 level
 "Ozone": 1 1 1 1 1 1 1 1 1 1 ...[] 
 []


Overfull \hbox (118.2429pt too wide) in paragraph at lines 369--369
[]\T1/lmtt/m/n/10 ##  $ CBSA_CODE                           : int  25860 25860 
25860 25860 25860 25860 25860 25860 25860 25860 ...[] 
 []


Overfull \hbox (107.74294pt too wide) in paragraph at lines 369--369
[]\T1/lmtt/m/n/10 ##  $ CBSA_NAME                           : Factor w/ 15 leve
ls "","Asheville, NC",..: 8 8 8 8 8 8 8 8 8 8 ...[] 
 []


Overfull \hbox (70.99304pt too wide) in paragraph at lines 369--369
[]\T1/lmtt/m/n/10 ##  $ STATE                               : Factor w/ 1 level
 "North Carolina": 1 1 1 1 1 1 1 1 1 1 ...[] 
 []


Overfull \hbox (112.99292pt too wide) in paragraph at lines 369--369
[]\T1/lmtt/m/n/10 ##  $ COUNTY                              : Factor w/ 30 leve
ls "Alexander","Avery",..: 1 1 1 1 1 1 1 1 1 1 ...[] 
 []


Overfull \hbox (154.9928pt too wide) in paragraph at lines 399--399
[]\T1/lmtt/m/n/10 ##  $ Date                          : Factor w/ 365 levels "0
1/01/2018","01/02/2018",..: 2 5 8 11 14 17 20 23 26 29 ...[] 
 []


Overfull \hbox (296.74239pt too wide) in paragraph at lines 399--399
[]\T1/lmtt/m/n/10 ##  $ Site.ID                       : int  370110002 37011000
2 370110002 370110002 370110002 370110002 370110002 370110002 370110002 3701100
02 ...[] 
 []


Overfull \hbox (7.99323pt too wide) in paragraph at lines 399--399
[]\T1/lmtt/m/n/10 ##  $ UNITS                         : Factor w/ 1 level "ug/m
3 LC": 1 1 1 1 1 1 1 1 1 1 ...[] 
 []


Overfull \hbox (112.99292pt too wide) in paragraph at lines 399--399
[]\T1/lmtt/m/n/10 ##  $ Site.Name                     : Factor w/ 25 levels "",
"Blackstone",..: 15 15 15 15 15 15 15 15 15 15 ...[] 
 []


Overfull \hbox (86.743pt too wide) in paragraph at lines 399--399
[]\T1/lmtt/m/n/10 ##  $ AQS_PARAMETER_CODE            : int  88502 88502 88502 
88502 88502 88502 88502 88502 88502 88502 ...[] 
 []


Overfull \hbox (186.4927pt too wide) in paragraph at lines 399--399
[]\T1/lmtt/m/n/10 ##  $ AQS_PARAMETER_DESC            : Factor w/ 2 levels "Acc
eptable PM2.5 AQI & Speciation Mass",..: 1 1 1 1 1 1 1 1 1 1 ...[] 
 []


Overfull \hbox (76.24303pt too wide) in paragraph at lines 399--399
[]\T1/lmtt/m/n/10 ##  $ CBSA_NAME                     : Factor w/ 14 levels "",
"Asheville, NC",..: 1 1 1 1 1 1 1 1 1 1 ...[] 
 []


Overfull \hbox (39.49313pt too wide) in paragraph at lines 399--399
[]\T1/lmtt/m/n/10 ##  $ STATE                         : Factor w/ 1 level "Nort
h Carolina": 1 1 1 1 1 1 1 1 1 1 ...[] 
 []


Overfull \hbox (76.24303pt too wide) in paragraph at lines 399--399
[]\T1/lmtt/m/n/10 ##  $ COUNTY                        : Factor w/ 21 levels "Av
ery","Buncombe",..: 1 1 1 1 1 1 1 1 1 1 ...[] 
 []


Overfull \hbox (154.9928pt too wide) in paragraph at lines 429--429
[]\T1/lmtt/m/n/10 ##  $ Date                          : Factor w/ 365 levels "0
1/01/2019","01/02/2019",..: 3 6 9 12 15 18 21 24 27 30 ...[] 
 []


Overfull \hbox (34.24315pt too wide) in paragraph at lines 429--429
[]\T1/lmtt/m/n/10 ##  $ Source                        : Factor w/ 2 levels "Air
Now","AQS": 2 2 2 2 2 2 2 2 2 2 ...[] 
 []


Overfull \hbox (296.74239pt too wide) in paragraph at lines 429--429
[]\T1/lmtt/m/n/10 ##  $ Site.ID                       : int  370110002 37011000
2 370110002 370110002 370110002 370110002 370110002 370110002 370110002 3701100
02 ...[] 
 []


Overfull \hbox (7.99323pt too wide) in paragraph at lines 429--429
[]\T1/lmtt/m/n/10 ##  $ UNITS                         : Factor w/ 1 level "ug/m
3 LC": 1 1 1 1 1 1 1 1 1 1 ...[] 
 []


Overfull \hbox (154.9928pt too wide) in paragraph at lines 429--429
[]\T1/lmtt/m/n/10 ##  $ Site.Name                     : Factor w/ 25 levels "",
"Board Of Ed. Bldg.",..: 14 14 14 14 14 14 14 14 14 14 ...[] 
 []


Overfull \hbox (86.743pt too wide) in paragraph at lines 429--429
[]\T1/lmtt/m/n/10 ##  $ AQS_PARAMETER_CODE            : int  88502 88502 88502 
88502 88502 88502 88502 88502 88502 88502 ...[] 
 []


Overfull \hbox (186.4927pt too wide) in paragraph at lines 429--429
[]\T1/lmtt/m/n/10 ##  $ AQS_PARAMETER_DESC            : Factor w/ 2 levels "Acc
eptable PM2.5 AQI & Speciation Mass",..: 1 1 1 1 1 1 1 1 1 1 ...[] 
 []


Overfull \hbox (76.24303pt too wide) in paragraph at lines 429--429
[]\T1/lmtt/m/n/10 ##  $ CBSA_NAME                     : Factor w/ 14 levels "",
"Asheville, NC",..: 1 1 1 1 1 1 1 1 1 1 ...[] 
 []


Overfull \hbox (39.49313pt too wide) in paragraph at lines 429--429
[]\T1/lmtt/m/n/10 ##  $ STATE                         : Factor w/ 1 level "Nort
h Carolina": 1 1 1 1 1 1 1 1 1 1 ...[] 
 []

[4]
Overfull \hbox (76.24303pt too wide) in paragraph at lines 429--429
[]\T1/lmtt/m/n/10 ##  $ COUNTY                        : Factor w/ 21 levels "Av
ery","Buncombe",..: 1 1 1 1 1 1 1 1 1 1 ...[] 
 []

[5] [6] [7] [8] [9] [10] [11] [12] [13] [14] [15] [16] [17] [18] [19] [20] [21]
[22] [23] [24] [25] [26] [27] [28] [29] [30] [31] [32] [33] [34] [35] [36] [37]
[38] [39] [40] [41] [42] [43] [44] [45] [46] [47] [48] [49] [50] [51] [52] [53]
[54] [55] [56] [57] [58] [59] [60] [61] [62] [63] [64] [65] [66] [67] [68] [69]
[70] [71] [72] [73] [74] [75] [76] [77] [78] [79] [80] [81] [82] [83] [84] [85]
[86] [87] [88] [89] [90] [91] [92] [93] [94] [95] [96] [97] [98] [99] [100] [10
1] [102] [103] [104] [105] [106] [107] [108] [109] [110] [111] [112] [113] [114
] [115] [116] [117] [118] [119] [120] [121] [122] [123] [124] [125] [126] [127]
[128] [129] [130] [131] [132] [133] [134] [135] [136] [137] [138] [139] [140] [
141] [142] [143] [144] [145] [146] [147] [148] [149] [150] [151] [152] [153] [1
54] [155] [156] [157] [158] [159] [160] [161] [162] [163] [164] [165] [166] [16
7] [168] [169] [170] [171] [172] [173] [174] [175] [176] [177] [178] [179] [180
] [181] [182] [183] [184] [185] [186] [187] [188] [189] [190] [191] [192] [193]
[194] [195] [196] [197] [198] [199] [200] [201] [202] [203] [204] [205] [206] [
207] [208] [209] [210] [211] [212] [213] [214] [215] [216] [217] [218] [219] [2
20] [221] [222] [223] [224] [225] [226] [227] [228] [229] [230] [231] [232] [23
3] [234] [235] [236] [237] [238] [239] [240] [241] [242] [243] [244] [245] [246
] [247] [248] [249] [250] [251] [252] [253] [254] [255] [256] [257] [258] [259]
[260] [261] [262] [263] [264] [265] [266] [267] [268] [269] [270] [271] [272] [
273] [274] [275] [276] [277] [278] [279] [280] [281] [282] [283] [284] [285] [2
86] [287] [288] [289] [290] [291] [292] [293] [294] [295] [296] [297] [298] [29
9] [300] [301] [302] [303] [304] [305] [306] [307] [308] [309] [310] [311] [312
] [313] [314] [315] [316] [317] [318] [319] [320] [321] [322] [323] [324] [325]
[326] [327] [328] [329] [330] [331] [332] [333] [334] [335] [336] [337] [338] [
339] [340] [341] [342] [343] [344] [345] [346] [347] [348] [349] [350] [351] [3
52] [353] [354] [355] [356] [357] [358] [359] [360] [361] [362] [363] [364] [36
5] [366] [367] [368] [369] [370] [371] [372] [373] [374] [375] [376] [377] [378
] [379] [380] [381] [382] [383] [384] [385] [386] [387] [388] [389] [390] [391]
[392] [393] [394] [395] [396] [397] [398] [399] [400] [401] [402] [403] [404] [
405] [406] [407] [408] [409] [410] [411] [412] [413] [414] [415] [416] [417] [4
18] [419] [420] [421] [422] [423] [424] [425] [426] [427] [428] [429] [430] [43
1] [432] [433] [434] [435] [436] [437] [438] [439] [440] [441] [442] [443] [444
] [445] [446] [447] [448] [449] [450] [451] [452] [453] [454] [455] [456] [457]
[458] [459] [460] [461] [462] [463] [464] [465] [466] [467] [468] [469] [470] [
471] [472] [473] [474] [475] [476] [477] [478] [479] [480] [481] [482] [483] [4
84] [485] [486] [487] [488] [489] [490] [491] [492] [493] [494] [495] [496] [49
7] [498] [499] [500] [501] [502] [503] [504] [505] [506] [507] [508] [509] [510
] [511] [512] [513] [514] [515] [516] [517] [518] [519] [520] [521] [522] [523]
[524] [525] [526] [527] [528] [529] [530] [531] [532] [533] [534] [535] [536] [
537] [538] [539] [540] [541] [542] [543] [544] [545] [546] [547] [548] [549] [5
50] [551] [552] [553] [554] [555] [556] [557] [558] [559] [560] [561] [562] [56
3] [564] [565] [566] [567] [568] [569] [570] [571] [572] [573] [574] [575] [576
] [577] [578] [579] [580] [581] [582] [583] [584] [585] [586] [587] [588] [589]
[590] [591] [592] [593] [594] [595] [596] [597] [598] [599] [600] [601] [602] [
603] [604] [605] [606] [607] [608] [609] [610] [611] [612] [613] [614] [615] [6
16] [617] [618] [619] [620] [621] [622] [623] [624] [625] [626] [627] [628] [62
9] [630] [631] [632] [633] [634] [635] [636] [637] [638] [639] [640] [641] [642
] [643] [644] [645] [646] [647] [648] [649] [650] [651] [652] [653] [654] [655]
[656] [657] [658] [659] [660] [661] [662] [663] [664] [665] [666] [667] [668] [
669] [670] [671] [672] [673] [674] [675] [676] [677] [678] [679] [680] [681] [6
82] [683] [684] [685] [686] [687] [688] [689] [690] [691] [692] [693] [694] [69
5] [696] [697] [698] [699] [700] [701] [702] [703] [704] [705] [706] [707] [708
] [709] [710] [711] [712] [713] [714] [715] [716] [717] [718] [719] [720] [721]
[722] [723] [724] [725] [726] [727] [728] [729] [730] [731] [732] [733] [734] [
735] [736] [737] [738] [739] [740] [741] [742] [743] [744] [745] [746] [747] [7
48] [749] [750] [751] [752] [753] [754] [755] [756] [757] [758] [759] [760] [76
1] [762] [763] [764] [765] [766] [767] [768] [769] [770] [771] [772] [773] [774
] [775] [776] [777] [778] [779] [780] [781] [782] [783] [784] [785] [786] [787]
[788] [789] [790] [791] [792] [793] [794] [795] [796] [797] [798] [799] [800] [
801] [802] [803] [804] [805] [806] [807] [808] [809] [810] [811] [812] [813] [8
14] [815] [816] [817] [818] [819] [820] [821] [822] [823] [824] [825] [826] [82
7] [828] [829] [830] [831] [832] [833] [834] [835] [836] [837] [838] [839] [840
] [841] [842] [843] [844] [845] [846] [847] [848] [849] [850] [851] [852] [853]
[854] [855] [856] [857] [858] [859] [860] [861] [862] [863] [864] [865] [866] [
867] [868] [869] [870] [871] [872] [873] [874] [875] [876] [877] [878] [879] [8
80] [881] [882] [883] [884] [885] [886] [887] [888] [889] [890] [891] [892] [89
3] [894] [895] [896] [897] [898] [899] [900] [901] [902] [903] [904] [905] [906
] [907] [908] [909] [910] [911] [912] [913] [914] [915] [916] [917] [918] [919]
[920] [921] [922] [923] [924] [925] [926] [927] [928] [929] [930] [931] [932] [
933] [934] [935] [936] [937] [938] [939] [940] [941] [942] [943] [944] [945] [9
46] [947] [948] [949] [950] [951] [952] [953] [954] [955] [956] [957] [958] [95
9] [960] [961] [962] [963] [964] [965] [966] [967] [968] [969] [970] [971] [972
] [973] [974] [975] [976] [977] [978] [979] [980] [981] [982] [983] [984] [985]
[986] [987] [988] [989] [990] [991] [992] [993] [994] [995] [996] [997] [998] [
999] [1000] [1001] [1002] [1003] [1004] [1005] [1006] [1007] [1008] [1009] [101
0] [1011] [1012] [1013] [1014] [1015] [1016] [1017] [1018] [1019] [1020] [1021]
[1022] [1023] [1024] [1025] [1026] [1027] [1028] [1029] [1030] [1031] [1032] [1
033] [1034] [1035] [1036] [1037] [1038] [1039] [1040] [1041] [1042] [1043] [104
4] [1045] [1046] [1047] [1048] [1049] [1050] [1051] [1052] [1053] [1054] [1055]
[1056] [1057] [1058] [1059] [1060] [1061] [1062] [1063] [1064] [1065] [1066] [1
067] [1068] [1069] [1070] [1071] [1072] [1073] [1074] [1075] [1076] [1077] [107
8] [1079] [1080] [1081] [1082] [1083] [1084] [1085] [1086] [1087] [1088] [1089]
[1090] [1091] [1092] [1093] [1094] [1095] [1096] [1097] [1098] [1099] [1100] [1
101] [1102] [1103] [1104] [1105] [1106] [1107] [1108] [1109] [1110] [1111] [111
2] [1113] [1114] [1115] [1116] [1117] [1118] [1119] [1120] [1121] [1122] [1123]
[1124] [1125] [1126] [1127] [1128] [1129] [1130] [1131] [1132] [1133] [1134] [1
135] [1136] [1137] [1138] [1139] [1140] [1141] [1142] [1143] [1144] [1145] [114
6] [1147] [1148] [1149] [1150] [1151] [1152] [1153] [1154] [1155] [1156] [1157]
[1158] [1159] [1160] [1161] [1162] [1163] [1164] [1165] [1166] [1167] [1168] [1
169] [1170] [1171] [1172] [1173] [1174] [1175] [1176] [1177] [1178] [1179] [118
0] [1181] [1182] [1183] [1184] [1185] [1186] [1187] [1188] [1189] [1190] [1191]
[1192] [1193] [1194] [1195] [1196] [1197] [1198] [1199] [1200] [1201] [1202] [1
203] [1204] [1205] [1206] [1207] [1208] [1209] [1210] [1211] [1212] [1213] [121
4] [1215] [1216] [1217] [1218] [1219] [1220] [1221] [1222] [1223] [1224] [1225]
[1226] [1227] [1228] [1229] [1230] [1231] [1232] [1233] [1234] [1235] [1236] [1
237] [1238] [1239] [1240] [1241] [1242] [1243] [1244] [1245] [1246] [1247] [124
8] [1249] [1250] [1251] [1252] [1253] [1254] [1255] [1256] [1257] [1258] [1259]
[1260] [1261] [1262] [1263] [1264] [1265] [1266] [1267] [1268] [1269] [1270] [1
271] [1272] [1273] [1274] [1275] [1276] [1277] [1278] [1279] [1280] [1281] [128
2] [1283] [1284] [1285] [1286] [1287] [1288] [1289] [1290] [1291] [1292] [1293]
[1294] [1295] [1296] [1297] [1298] [1299] [1300] [1301] [1302] [1303] [1304] [1
305] [1306] [1307] [1308] [1309] [1310] [1311] [1312] [1313] [1314] [1315] [131
6] [1317] [1318] [1319] [1320] [1321] [1322] [1323] [1324] [1325] [1326] [1327]
[1328] [1329] [1330] [1331] [1332] [1333] [1334] [1335] [1336] [1337] [1338] [1
339] [1340] [1341] [1342] [1343] [1344] [1345] [1346] [1347] [1348] [1349] [135
0] [1351] [1352] [1353] [1354] [1355] [1356] [1357] [1358] [1359] [1360] [1361]
[1362] [1363] [1364] [1365] [1366] [1367] [1368] [1369] [1370] [1371] [1372] [1
373] [1374] [1375] [1376] [1377] [1378] [1379] [1380] [1381] [1382] [1383] [138
4] [1385] [1386] [1387] [1388] [1389] [1390] [1391] [1392] [1393] [1394] [1395]
[1396] [1397] [1398] [1399] [1400] [1401] [1402] [1403] [1404] [1405] [1406] [1
407] [1408] [1409] [1410] [1411] [1412] [1413] [1414] [1415] [1416] [1417] [141
8] [1419] [1420] [1421] [1422] [1423] [1424] [1425] [1426] [1427] [1428] [1429]
[1430] [1431] [1432] [1433] [1434] [1435] [1436] [1437] [1438] [1439] [1440] [1
441] [1442] [1443] [1444] [1445] [1446] [1447] [1448] [1449] [1450] [1451] [145
2] [1453] [1454] [1455] [1456] [1457] [1458] [1459] [1460] [1461] [1462] [1463]
[1464] [1465] [1466] [1467] [1468] [1469] [1470] [1471] [1472] [1473] [1474] [1
475] [1476] [1477] [1478] [1479] [1480] [1481] [1482] [1483] [1484] [1485] [148
6] [1487] [1488] [1489] [1490] [1491] [1492] [1493] [1494] [1495] [1496] [1497]
[1498] [1499] [1500] [1501] [1502] [1503] [1504] [1505] [1506] [1507] [1508] [1
509] [1510] [1511] [1512] [1513] [1514] [1515] [1516] [1517] [1518] [1519] [152
0] [1521] [1522] [1523] [1524] [1525] [1526] [1527] [1528] [1529] [1530] [1531]
[1532] [1533] [1534] [1535] [1536] [1537] [1538] [1539] [1540] [1541] [1542] [1
543] [1544] [1545] [1546] [1547] [1548] [1549] [1550] [1551] [1552] [1553] [155
4] [1555] [1556] [1557] [1558] [1559] [1560] [1561] [1562] [1563] [1564] [1565]
[1566] [1567] [1568] [1569] [1570] [1571] [1572] [1573] [1574] [1575] [1576] [1
577] [1578] [1579] [1580] [1581] [1582] [1583] [1584] [1585] [1586] [1587] [158
8] [1589] [1590] [1591] [1592] [1593] [1594] [1595] [1596] [1597] [1598] [1599]
[1600] [1601] [1602] [1603] [1604] [1605] [1606] [1607] [1608] [1609] [1610] [1
611] [1612] [1613] [1614] [1615] [1616] [1617] [1618] [1619] [1620] [1621] [162
2] [1623] [1624] [1625] [1626] [1627] [1628] [1629] [1630] [1631] [1632] [1633]
[1634] [1635] [1636] [1637] [1638] [1639] [1640] [1641] [1642] [1643] [1644] [1
645] [1646] [1647] [1648] [1649] [1650] [1651] [1652] [1653] [1654] [1655] [165
6] [1657] [1658] [1659] [1660] [1661] [1662] [1663] [1664] [1665] [1666] [1667]
[1668] [1669] [1670] [1671] [1672] [1673] [1674] [1675] [1676] [1677] [1678] [1
679] [1680] [1681] [1682] [1683] [1684] [1685] [1686] [1687] [1688] [1689] [169
0] [1691] [1692] [1693] [1694] [1695] [1696] [1697] [1698] [1699] [1700] [1701]
[1702] [1703] [1704] [1705] [1706] [1707] [1708] [1709] [1710] [1711] [1712] [1
713] [1714] [1715] [1716] [1717] [1718] [1719] [1720] [1721] [1722] [1723] [172
4] [1725] [1726] [1727] [1728] [1729] [1730] [1731] [1732] [1733] [1734] [1735]
[1736] [1737] [1738] [1739] [1740] [1741] [1742] [1743] [1744] [1745] [1746] [1
747] [1748] [1749] [1750] [1751] [1752] [1753] [1754] [1755] [1756] [1757] [175
8] [1759] [1760] [1761] [1762] [1763] [1764] [1765] [1766] [1767] [1768] [1769]
[1770] [1771] [1772] [1773] [1774] [1775] [1776] [1777] [1778] [1779] [1780] [1
781] [1782] [1783] [1784] [1785] [1786] [1787] [1788] [1789] [1790] [1791] [179
2] [1793] [1794] [1795] [1796] [1797] [1798] [1799] [1800] [1801] [1802] [1803]
[1804] [1805] [1806] [1807] [1808] [1809] [1810] [1811] [1812] [1813] [1814] [1
815] [1816] [1817] [1818] [1819] [1820] [1821] [1822] [1823] [1824] [1825] [182
6] [1827] [1828] [1829] [1830] [1831] [1832] [1833] [1834] [1835] [1836] [1837]
[1838] [1839] [1840] [1841] [1842] [1843] [1844] [1845] [1846] [1847] [1848] [1
849] [1850] [1851] [1852] [1853] [1854] [1855] [1856] [1857] [1858] [1859] [186
0] [1861] [1862] [1863] [1864] [1865] [1866] [1867] [1868] [1869] [1870] [1871]
[1872] [1873] [1874] [1875] [1876] [1877] [1878] [1879] [1880] [1881] [1882] [1
883] [1884] [1885] [1886] [1887] [1888] [1889] [1890] [1891] [1892] [1893] [189
4] [1895] [1896] [1897] [1898] [1899] [1900] [1901] [1902] [1903] [1904] [1905]
[1906] [1907] [1908] [1909] [1910] [1911] [1912] [1913] [1914] [1915] [1916] [1
917] [1918] [1919] [1920] [1921] [1922] [1923] [1924] [1925] [1926] [1927] [192
8] [1929] [1930] [1931] [1932] [1933] [1934] [1935] [1936] [1937] [1938] [1939]
[1940] [1941] [1942] [1943] [1944] [1945] [1946] [1947] [1948] [1949] [1950] [1
951] [1952] [1953] [1954] [1955] [1956] [1957] [1958] [1959] [1960] [1961] [196
2] [1963] [1964] [1965] [1966] [1967] [1968] [1969] [1970] [1971] [1972] [1973]
[1974] [1975] [1976] [1977] [1978] [1979] [1980] [1981] [1982] [1983] [1984] [1
985] [1986] [1987] [1988] [1989] [1990] [1991] [1992] [1993] [1994] [1995] [199
6] [1997] [1998] [1999] [2000] [2001] [2002] [2003] [2004] [2005] [2006] [2007]
[2008] [2009] [2010] [2011] [2012] [2013] [2014] [2015] [2016] [2017] [2018] [2
019] [2020] [2021] [2022] [2023] [2024] [2025] [2026] [2027] [2028] [2029] [203
0] [2031] [2032] [2033] [2034] [2035] [2036] [2037] [2038] [2039] [2040] [2041]
[2042] [2043] [2044] [2045] [2046] [2047] [2048] [2049] [2050] [2051] [2052] [2
053] [2054] [2055] [2056] [2057] [2058] [2059] [2060] [2061] [2062] [2063] [206
4] [2065] [2066] [2067] [2068] [2069] [2070] [2071] [2072] [2073] [2074] [2075]
[2076] [2077] [2078] [2079] [2080] [2081] [2082] [2083] [2084] [2085] [2086] [2
087] [2088] [2089] [2090] [2091] [2092] [2093] [2094] [2095] [2096] [2097] [209
8] [2099] [2100] [2101] [2102] [2103] [2104] [2105] [2106] [2107] [2108] [2109]
[2110] [2111] [2112] [2113] [2114] [2115] [2116] [2117] [2118] [2119] [2120] [2
121] [2122] [2123] [2124] [2125] [2126] [2127] [2128] [2129] [2130] [2131] [213
2] [2133] [2134] [2135] [2136] [2137] [2138] [2139] [2140] [2141] [2142] [2143]
[2144] [2145] [2146] [2147] [2148] [2149] [2150] [2151] [2152] [2153] [2154] [2
155] [2156] [2157] [2158] [2159] [2160] [2161] [2162] [2163] [2164] [2165] [216
6] [2167] [2168] [2169] [2170] [2171] [2172] [2173] [2174] [2175] [2176] [2177]
[2178] [2179] [2180] [2181] [2182] [2183] [2184] [2185] [2186] [2187] [2188] [2
189] [2190] [2191] [2192] [2193] [2194] [2195] [2196] [2197] [2198] [2199] [220
0] [2201] [2202] [2203] [2204] [2205] [2206] [2207] [2208] [2209] [2210] [2211]
[2212] [2213] [2214] [2215] [2216] [2217] [2218] [2219] [2220] [2221] [2222] [2
223] [2224] [2225] [2226] [2227] [2228] [2229] [2230] [2231] [2232] [2233] [223
4] [2235] [2236] [2237] [2238] [2239]
LaTeX Font Info:    Trying to load font information for TS1+lmr on input line 1
21247.
(/usr/local/texlive/2019basic/texmf-dist/tex/latex/lm/ts1lmr.fd
File: ts1lmr.fd 2009/10/30 v1.6 Font defs for Latin Modern
) [2240] [2241]
Package atveryend Info: Empty hook `BeforeClearDocument' on input line 121370.
[2242]
Package atveryend Info: Empty hook `AfterLastShipout' on input line 121370.
(./A04_DataWrangling.aux)
Package atveryend Info: Executing hook `AtVeryEndDocument' on input line 121370
.
Package atveryend Info: Executing hook `AtEndAfterFileList' on input line 12137
0.
Package rerunfilecheck Info: File `A04_DataWrangling.out' has not changed.
(rerunfilecheck)             Checksum: F52E3C2A98F1EC0C7689ED0781E7EDC9;950.
 ) 
Here is how much of TeX's memory you used:
 15422 strings out of 493610
 211927 string characters out of 6159294
 2026782 words of memory out of 5000000
 17094 multiletter control sequences out of 15000+600000
 34717 words of font info for 58 fonts, out of 8000000 for 9000
 319 hyphenation exceptions out of 8191
 39i,6n,42p,825b,447s stack positions out of 5000i,500n,10000p,200000b,80000s
{/usr/local/texlive/2019basic/texmf-dist/fonts/enc/dvips/lm/lm-ts1.enc}{/usr/
local/texlive/2019basic/texmf-dist/fonts/enc/dvips/lm/lm-ec.enc}</usr/local/tex
live/2019basic/texmf-dist/fonts/type1/public/lm/lmbx10.pfb></usr/local/texlive/
2019basic/texmf-dist/fonts/type1/public/lm/lmbx12.pfb></usr/local/texlive/2019b
asic/texmf-dist/fonts/type1/public/lm/lmr10.pfb></usr/local/texlive/2019basic/t
exmf-dist/fonts/type1/public/lm/lmr12.pfb></usr/local/texlive/2019basic/texmf-d
ist/fonts/type1/public/lm/lmr17.pfb></usr/local/texlive/2019basic/texmf-dist/fo
nts/type1/public/lm/lmtk10.pfb></usr/local/texlive/2019basic/texmf-dist/fonts/t
ype1/public/lm/lmtt10.pfb></usr/local/texlive/2019basic/texmf-dist/fonts/type1/
public/lm/lmtti10.pfb>
Output written on A04_DataWrangling.pdf (2242 pages, 1360037 bytes).
PDF statistics:
 10048 PDF objects out of 10688 (max. 8388607)
 7718 compressed objects within 78 object streams
 2274 named destinations out of 2487 (max. 500000)
 8241 words of extra memory for PDF output out of 10000 (max. 10000000)

